# JRE version: OpenJDK Runtime Environment (8.0_242-b01) (build 1.8.0_242-release-1644-b01)
# Java VM: OpenJDK 64-Bit Server VM (25.242-b01 mixed mode windows-amd64 compressed oops)
Heap:
 PSYoungGen      total 112640K, used 15749K [0x00000000d5580000, 0x00000000dfa00000, 0x0000000100000000)
  eden space 100864K, 15% used [0x00000000d5580000,0x00000000d64e1660,0x00000000db800000)
  from space 11776K, 0% used [0x00000000db800000,0x00000000db800000,0x00000000dc380000)
  to   space 11776K, 0% used [0x00000000dee80000,0x00000000dee80000,0x00000000dfa00000)
 ParOldGen       total 60416K, used 15075K [0x0000000080000000, 0x0000000083b00000, 0x00000000d5580000)
  object space 60416K, 24% used [0x0000000080000000,0x0000000080eb8ff0,0x0000000083b00000)
 Metaspace       used 35239K, capacity 36102K, committed 36272K, reserved 1081344K
  class space    used 4654K, capacity 4949K, committed 5040K, reserved 1048576K
GC Heap History (10 events):
Event: 5.776 GC heap before
{Heap before GC invocations=7 (full 1):
 PSYoungGen      total 75264K, used 9230K [0x00000000d5580000, 0x00000000dad80000, 0x0000000100000000)
  eden space 65024K, 0% used [0x00000000d5580000,0x00000000d5580000,0x00000000d9500000)
  from space 10240K, 90% used [0x00000000da080000,0x00000000da9839b8,0x00000000daa80000)
  to   space 11776K, 0% used [0x00000000d9500000,0x00000000d9500000,0x00000000da080000)
 ParOldGen       total 87552K, used 7034K [0x0000000080000000, 0x0000000085580000, 0x00000000d5580000)
  object space 87552K, 8% used [0x0000000080000000,0x00000000806deb70,0x0000000085580000)
 Metaspace       used 20527K, capacity 21230K, committed 21296K, reserved 1067008K
  class space    used 2879K, capacity 3095K, committed 3120K, reserved 1048576K
Event: 5.828 GC heap after
Heap after GC invocations=7 (full 1):
 PSYoungGen      total 75264K, used 0K [0x00000000d5580000, 0x00000000dad80000, 0x0000000100000000)
  eden space 65024K, 0% used [0x00000000d5580000,0x00000000d5580000,0x00000000d9500000)
  from space 10240K, 0% used [0x00000000da080000,0x00000000da080000,0x00000000daa80000)
  to   space 11776K, 0% used [0x00000000d9500000,0x00000000d9500000,0x00000000da080000)
 ParOldGen       total 60416K, used 9811K [0x0000000080000000, 0x0000000083b00000, 0x00000000d5580000)
  object space 60416K, 16% used [0x0000000080000000,0x0000000080994ce0,0x0000000083b00000)
 Metaspace       used 20527K, capacity 21230K, committed 21296K, reserved 1067008K
  class space    used 2879K, capacity 3095K, committed 3120K, reserved 1048576K
}
Event: 7.693 GC heap before
{Heap before GC invocations=8 (full 1):
 PSYoungGen      total 75264K, used 65024K [0x00000000d5580000, 0x00000000dad80000, 0x0000000100000000)
  eden space 65024K, 100% used [0x00000000d5580000,0x00000000d9500000,0x00000000d9500000)
  from space 10240K, 0% used [0x00000000da080000,0x00000000da080000,0x00000000daa80000)
  to   space 11776K, 0% used [0x00000000d9500000,0x00000000d9500000,0x00000000da080000)
 ParOldGen       total 60416K, used 9811K [0x0000000080000000, 0x0000000083b00000, 0x00000000d5580000)
  object space 60416K, 16% used [0x0000000080000000,0x0000000080994ce0,0x0000000083b00000)
 Metaspace       used 28170K, capacity 28944K, committed 29232K, reserved 1075200K
  class space    used 3877K, capacity 4105K, committed 4144K, reserved 1048576K
Event: 7.703 GC heap after
Heap after GC invocations=8 (full 1):
 PSYoungGen      total 76800K, used 7858K [0x00000000d5580000, 0x00000000dd000000, 0x0000000100000000)
  eden space 65024K, 0% used [0x00000000d5580000,0x00000000d5580000,0x00000000d9500000)
  from space 11776K, 66% used [0x00000000d9500000,0x00000000d9cac958,0x00000000da080000)
  to   space 11776K, 0% used [0x00000000dc480000,0x00000000dc480000,0x00000000dd000000)
 ParOldGen       total 60416K, used 9819K [0x0000000080000000, 0x0000000083b00000, 0x00000000d5580000)
  object space 60416K, 16% used [0x0000000080000000,0x0000000080996ce0,0x0000000083b00000)
 Metaspace       used 28170K, capacity 28944K, committed 29232K, reserved 1075200K
  class space    used 3877K, capacity 4105K, committed 4144K, reserved 1048576K
}
Event: 9.226 GC heap before
{Heap before GC invocations=9 (full 1):
 PSYoungGen      total 76800K, used 72882K [0x00000000d5580000, 0x00000000dd000000, 0x0000000100000000)
  eden space 65024K, 100% used [0x00000000d5580000,0x00000000d9500000,0x00000000d9500000)
  from space 11776K, 66% used [0x00000000d9500000,0x00000000d9cac958,0x00000000da080000)
  to   space 11776K, 0% used [0x00000000dc480000,0x00000000dc480000,0x00000000dd000000)
 ParOldGen       total 60416K, used 9819K [0x0000000080000000, 0x0000000083b00000, 0x00000000d5580000)
  object space 60416K, 16% used [0x0000000080000000,0x0000000080996ce0,0x0000000083b00000)
 Metaspace       used 33246K, capacity 34062K, committed 34224K, reserved 1079296K
  class space    used 4457K, capacity 4706K, committed 4784K, reserved 1048576K
Event: 9.239 GC heap after
Heap after GC invocations=9 (full 1):
 PSYoungGen      total 111616K, used 8928K [0x00000000d5580000, 0x00000000dcf00000, 0x0000000100000000)
  eden space 100864K, 0% used [0x00000000d5580000,0x00000000d5580000,0x00000000db800000)
  from space 10752K, 83% used [0x00000000dc480000,0x00000000dcd38300,0x00000000dcf00000)
  to   space 11776K, 0% used [0x00000000db800000,0x00000000db800000,0x00000000dc380000)
 ParOldGen       total 60416K, used 9827K [0x0000000080000000, 0x0000000083b00000, 0x00000000d5580000)
  object space 60416K, 16% used [0x0000000080000000,0x0000000080998ce0,0x0000000083b00000)
 Metaspace       used 33246K, capacity 34062K, committed 34224K, reserved 1079296K
  class space    used 4457K, capacity 4706K, committed 4784K, reserved 1048576K
}
Event: 9.532 GC heap before
{Heap before GC invocations=10 (full 1):
 PSYoungGen      total 111616K, used 20789K [0x00000000d5580000, 0x00000000dcf00000, 0x0000000100000000)
  eden space 100864K, 11% used [0x00000000d5580000,0x00000000d6115220,0x00000000db800000)
  from space 10752K, 83% used [0x00000000dc480000,0x00000000dcd38300,0x00000000dcf00000)
  to   space 11776K, 0% used [0x00000000db800000,0x00000000db800000,0x00000000dc380000)
 ParOldGen       total 60416K, used 9827K [0x0000000080000000, 0x0000000083b00000, 0x00000000d5580000)
  object space 60416K, 16% used [0x0000000080000000,0x0000000080998ce0,0x0000000083b00000)
 Metaspace       used 34537K, capacity 35386K, committed 35496K, reserved 1079296K
  class space    used 4581K, capacity 4868K, committed 4912K, reserved 1048576K
Event: 9.551 GC heap after
Heap after GC invocations=10 (full 1):
 PSYoungGen      total 112640K, used 7457K [0x00000000d5580000, 0x00000000dfa00000, 0x0000000100000000)
  eden space 100864K, 0% used [0x00000000d5580000,0x00000000d5580000,0x00000000db800000)
  from space 11776K, 63% used [0x00000000db800000,0x00000000dbf48620,0x00000000dc380000)
  to   space 11776K, 0% used [0x00000000dee80000,0x00000000dee80000,0x00000000dfa00000)
 ParOldGen       total 60416K, used 9835K [0x0000000080000000, 0x0000000083b00000, 0x00000000d5580000)
  object space 60416K, 16% used [0x0000000080000000,0x000000008099ace0,0x0000000083b00000)
 Metaspace       used 34537K, capacity 35386K, committed 35496K, reserved 1079296K
  class space    used 4581K, capacity 4868K, committed 4912K, reserved 1048576K
}
Event: 9.551 GC heap before
{Heap before GC invocations=11 (full 2):
 PSYoungGen      total 112640K, used 7457K [0x00000000d5580000, 0x00000000dfa00000, 0x0000000100000000)
  eden space 100864K, 0% used [0x00000000d5580000,0x00000000d5580000,0x00000000db800000)
  from space 11776K, 63% used [0x00000000db800000,0x00000000dbf48620,0x00000000dc380000)
  to   space 11776K, 0% used [0x00000000dee80000,0x00000000dee80000,0x00000000dfa00000)
 ParOldGen       total 60416K, used 9835K [0x0000000080000000, 0x0000000083b00000, 0x00000000d5580000)
  object space 60416K, 16% used [0x0000000080000000,0x000000008099ace0,0x0000000083b00000)
 Metaspace       used 34537K, capacity 35386K, committed 35496K, reserved 1079296K
  class space    used 4581K, capacity 4868K, committed 4912K, reserved 1048576K
Event: 9.620 GC heap after
Heap after GC invocations=11 (full 2):
 PSYoungGen      total 112640K, used 0K [0x00000000d5580000, 0x00000000dfa00000, 0x0000000100000000)
  eden space 100864K, 0% used [0x00000000d5580000,0x00000000d5580000,0x00000000db800000)
  from space 11776K, 0% used [0x00000000db800000,0x00000000db800000,0x00000000dc380000)
  to   space 11776K, 0% used [0x00000000dee80000,0x00000000dee80000,0x00000000dfa00000)
 ParOldGen       total 60416K, used 15075K [0x0000000080000000, 0x0000000083b00000, 0x00000000d5580000)
  object space 60416K, 24% used [0x0000000080000000,0x0000000080eb8ff0,0x0000000083b00000)
 Metaspace       used 34537K, capacity 35386K, committed 35496K, reserved 1079296K
  class space    used 4581K, capacity 4868K, committed 4912K, reserved 1048576K
}

