# JRE version: OpenJDK Runtime Environment (8.0_242-b01) (build 1.8.0_242-release-1644-b01)
# Java VM: OpenJDK 64-Bit Server VM (25.242-b01 mixed mode windows-amd64 compressed oops)
Heap:
 PSYoungGen      total 137728K, used 90700K [0x00000000d5580000, 0x00000000de980000, 0x0000000100000000)
  eden space 129024K, 63% used [0x00000000d5580000,0x00000000da597f80,0x00000000dd380000)
  from space 8704K, 99% used [0x00000000de100000,0x00000000de97b300,0x00000000de980000)
  to   space 11264K, 0% used [0x00000000dd380000,0x00000000dd380000,0x00000000dde80000)
 ParOldGen       total 61952K, used 28032K [0x0000000080000000, 0x0000000083c80000, 0x00000000d5580000)
  object space 61952K, 45% used [0x0000000080000000,0x0000000081b60078,0x0000000083c80000)
 Metaspace       used 51469K, capacity 53119K, committed 53336K, reserved 1095680K
  class space    used 6835K, capacity 7201K, committed 7296K, reserved 1048576K
GC Heap History (10 events):
Event: 6.551 GC heap before
{Heap before GC invocations=8 (full 1):
 PSYoungGen      total 76800K, used 3876K [0x00000000d5580000, 0x00000000deb80000, 0x0000000100000000)
  eden space 66048K, 0% used [0x00000000d5580000,0x00000000d5580000,0x00000000d9600000)
  from space 10752K, 36% used [0x00000000d9600000,0x00000000d99c9050,0x00000000da080000)
  to   space 10752K, 0% used [0x00000000de100000,0x00000000de100000,0x00000000deb80000)
 ParOldGen       total 87552K, used 9005K [0x0000000080000000, 0x0000000085580000, 0x00000000d5580000)
  object space 87552K, 10% used [0x0000000080000000,0x00000000808cb678,0x0000000085580000)
 Metaspace       used 20618K, capacity 21138K, committed 21248K, reserved 1067008K
  class space    used 2888K, capacity 3055K, committed 3072K, reserved 1048576K
Event: 6.611 GC heap after
Heap after GC invocations=8 (full 1):
 PSYoungGen      total 76800K, used 0K [0x00000000d5580000, 0x00000000deb80000, 0x0000000100000000)
  eden space 66048K, 0% used [0x00000000d5580000,0x00000000d5580000,0x00000000d9600000)
  from space 10752K, 0% used [0x00000000d9600000,0x00000000d9600000,0x00000000da080000)
  to   space 10752K, 0% used [0x00000000de100000,0x00000000de100000,0x00000000deb80000)
 ParOldGen       total 45568K, used 6586K [0x0000000080000000, 0x0000000082c80000, 0x00000000d5580000)
  object space 45568K, 14% used [0x0000000080000000,0x000000008066ebc8,0x0000000082c80000)
 Metaspace       used 20618K, capacity 21138K, committed 21248K, reserved 1067008K
  class space    used 2888K, capacity 3055K, committed 3072K, reserved 1048576K
}
Event: 7.684 GC heap before
{Heap before GC invocations=9 (full 1):
 PSYoungGen      total 76800K, used 66048K [0x00000000d5580000, 0x00000000deb80000, 0x0000000100000000)
  eden space 66048K, 100% used [0x00000000d5580000,0x00000000d9600000,0x00000000d9600000)
  from space 10752K, 0% used [0x00000000d9600000,0x00000000d9600000,0x00000000da080000)
  to   space 10752K, 0% used [0x00000000de100000,0x00000000de100000,0x00000000deb80000)
 ParOldGen       total 45568K, used 6586K [0x0000000080000000, 0x0000000082c80000, 0x00000000d5580000)
  object space 45568K, 14% used [0x0000000080000000,0x000000008066ebc8,0x0000000082c80000)
 Metaspace       used 28834K, capacity 29440K, committed 29696K, reserved 1075200K
  class space    used 3857K, capacity 4067K, committed 4096K, reserved 1048576K
Event: 7.702 GC heap after
Heap after GC invocations=9 (full 1):
 PSYoungGen      total 137728K, used 8095K [0x00000000d5580000, 0x00000000de980000, 0x0000000100000000)
  eden space 129024K, 0% used [0x00000000d5580000,0x00000000d5580000,0x00000000dd380000)
  from space 8704K, 93% used [0x00000000de100000,0x00000000de8e7c18,0x00000000de980000)
  to   space 11264K, 0% used [0x00000000dd380000,0x00000000dd380000,0x00000000dde80000)
 ParOldGen       total 45568K, used 6594K [0x0000000080000000, 0x0000000082c80000, 0x00000000d5580000)
  object space 45568K, 14% used [0x0000000080000000,0x0000000080670bc8,0x0000000082c80000)
 Metaspace       used 28834K, capacity 29440K, committed 29696K, reserved 1075200K
  class space    used 3857K, capacity 4067K, committed 4096K, reserved 1048576K
}
Event: 10.567 GC heap before
{Heap before GC invocations=10 (full 1):
 PSYoungGen      total 137728K, used 124744K [0x00000000d5580000, 0x00000000de980000, 0x0000000100000000)
  eden space 129024K, 90% used [0x00000000d5580000,0x00000000dc76a608,0x00000000dd380000)
  from space 8704K, 93% used [0x00000000de100000,0x00000000de8e7c18,0x00000000de980000)
  to   space 11264K, 0% used [0x00000000dd380000,0x00000000dd380000,0x00000000dde80000)
 ParOldGen       total 45568K, used 6594K [0x0000000080000000, 0x0000000082c80000, 0x00000000d5580000)
  object space 45568K, 14% used [0x0000000080000000,0x0000000080670bc8,0x0000000082c80000)
 Metaspace       used 34484K, capacity 35314K, committed 35416K, reserved 1079296K
  class space    used 4703K, capacity 4912K, committed 4992K, reserved 1048576K
Event: 10.590 GC heap after
Heap after GC invocations=10 (full 1):
 PSYoungGen      total 140288K, used 11257K [0x00000000d5580000, 0x00000000de980000, 0x0000000100000000)
  eden space 129024K, 0% used [0x00000000d5580000,0x00000000d5580000,0x00000000dd380000)
  from space 11264K, 99% used [0x00000000dd380000,0x00000000dde7e478,0x00000000dde80000)
  to   space 8704K, 0% used [0x00000000de100000,0x00000000de100000,0x00000000de980000)
 ParOldGen       total 45568K, used 8392K [0x0000000080000000, 0x0000000082c80000, 0x00000000d5580000)
  object space 45568K, 18% used [0x0000000080000000,0x00000000808320e8,0x0000000082c80000)
 Metaspace       used 34484K, capacity 35314K, committed 35416K, reserved 1079296K
  class space    used 4703K, capacity 4912K, committed 4992K, reserved 1048576K
}
Event: 10.590 GC heap before
{Heap before GC invocations=11 (full 2):
 PSYoungGen      total 140288K, used 11257K [0x00000000d5580000, 0x00000000de980000, 0x0000000100000000)
  eden space 129024K, 0% used [0x00000000d5580000,0x00000000d5580000,0x00000000dd380000)
  from space 11264K, 99% used [0x00000000dd380000,0x00000000dde7e478,0x00000000dde80000)
  to   space 8704K, 0% used [0x00000000de100000,0x00000000de100000,0x00000000de980000)
 ParOldGen       total 45568K, used 8392K [0x0000000080000000, 0x0000000082c80000, 0x00000000d5580000)
  object space 45568K, 18% used [0x0000000080000000,0x00000000808320e8,0x0000000082c80000)
 Metaspace       used 34484K, capacity 35314K, committed 35416K, reserved 1079296K
  class space    used 4703K, capacity 4912K, committed 4992K, reserved 1048576K
Event: 10.681 GC heap after
Heap after GC invocations=11 (full 2):
 PSYoungGen      total 140288K, used 0K [0x00000000d5580000, 0x00000000de980000, 0x0000000100000000)
  eden space 129024K, 0% used [0x00000000d5580000,0x00000000d5580000,0x00000000dd380000)
  from space 11264K, 0% used [0x00000000dd380000,0x00000000dd380000,0x00000000dde80000)
  to   space 8704K, 0% used [0x00000000de100000,0x00000000de100000,0x00000000de980000)
 ParOldGen       total 61952K, used 19133K [0x0000000080000000, 0x0000000083c80000, 0x00000000d5580000)
  object space 61952K, 30% used [0x0000000080000000,0x00000000812af770,0x0000000083c80000)
 Metaspace       used 34484K, capacity 35314K, committed 35416K, reserved 1079296K
  class space    used 4703K, capacity 4912K, committed 4992K, reserved 1048576K
}
Event: 14.654 GC heap before
{Heap before GC invocations=12 (full 2):
 PSYoungGen      total 140288K, used 129024K [0x00000000d5580000, 0x00000000de980000, 0x0000000100000000)
  eden space 129024K, 100% used [0x00000000d5580000,0x00000000dd380000,0x00000000dd380000)
  from space 11264K, 0% used [0x00000000dd380000,0x00000000dd380000,0x00000000dde80000)
  to   space 8704K, 0% used [0x00000000de100000,0x00000000de100000,0x00000000de980000)
 ParOldGen       total 61952K, used 19133K [0x0000000080000000, 0x0000000083c80000, 0x00000000d5580000)
  object space 61952K, 30% used [0x0000000080000000,0x00000000812af770,0x0000000083c80000)
 Metaspace       used 44975K, capacity 46464K, committed 46680K, reserved 1089536K
  class space    used 6067K, capacity 6420K, committed 6528K, reserved 1048576K
Event: 14.686 GC heap after
Heap after GC invocations=12 (full 2):
 PSYoungGen      total 137728K, used 8684K [0x00000000d5580000, 0x00000000de980000, 0x0000000100000000)
  eden space 129024K, 0% used [0x00000000d5580000,0x00000000d5580000,0x00000000dd380000)
  from space 8704K, 99% used [0x00000000de100000,0x00000000de97b300,0x00000000de980000)
  to   space 11264K, 0% used [0x00000000dd380000,0x00000000dd380000,0x00000000dde80000)
 ParOldGen       total 61952K, used 28032K [0x0000000080000000, 0x0000000083c80000, 0x00000000d5580000)
  object space 61952K, 45% used [0x0000000080000000,0x0000000081b60078,0x0000000083c80000)
 Metaspace       used 44975K, capacity 46464K, committed 46680K, reserved 1089536K
  class space    used 6067K, capacity 6420K, committed 6528K, reserved 1048576K
}

